<?xml version="1.0" encoding="UTF-8"?>
<!-- Generated by org.testng.reporters.JUnitReportReporter -->
<testsuite name="runner.RunnerTest" tests="1" time="0.026" ignored="0" failures="0" timestamp="22 Nov 2017 10:44:03 GMT" skipped="0" hostname="DLUVSI13483829" errors="0">
  <testcase name="feature" time="0.026" classname="runner.RunnerTest"/>
</testsuite> <!-- runner.RunnerTest -->
