<?xml version="1.0" encoding="UTF-8"?>
<!-- Generated by org.testng.reporters.JUnitReportReporter -->
<testsuite name="runner.Runner" tests="1" time="0.014" ignored="0" failures="0" timestamp="09 Nov 2017 10:11:55 GMT" skipped="0" hostname="DLUVSI13483829" errors="0">
  <testcase name="feature" time="0.014" classname="runner.Runner"/>
</testsuite> <!-- runner.Runner -->
