<?xml version="1.0" encoding="UTF-8"?>
<!-- Generated by org.testng.reporters.JUnitReportReporter -->
<testsuite name="runner.RunnerTest" tests="1" time="0.832" ignored="0" failures="0" timestamp="09 Nov 2017 10:28:38 GMT" skipped="0" hostname="DLUVSI13483829" errors="0">
  <testcase name="feature" time="0.832" classname="runner.RunnerTest"/>
</testsuite> <!-- runner.RunnerTest -->
